Release 14.7 - xst P.20131013 (lin64)
Copyright (c) 1995-2013 Xilinx, Inc.  All rights reserved.
--> 
Parameter TMPDIR set to xst/projnav.tmp


Total REAL time to Xst completion: 0.00 secs
Total CPU time to Xst completion: 0.05 secs
 
--> 
Parameter xsthdpdir set to xst


Total REAL time to Xst completion: 0.00 secs
Total CPU time to Xst completion: 0.05 secs
 
--> 
Reading design: demmy_disp.prj

TABLE OF CONTENTS
  1) Synthesis Options Summary
  2) HDL Parsing
  3) HDL Elaboration
  4) HDL Synthesis
       4.1) HDL Synthesis Report
  5) Advanced HDL Synthesis
       5.1) Advanced HDL Synthesis Report
  6) Low Level Synthesis
  7) Partition Report
  8) Design Summary
       8.1) Primitive and Black Box Usage
       8.2) Device utilization summary
       8.3) Partition Resource Summary
       8.4) Timing Report
            8.4.1) Clock Information
            8.4.2) Asynchronous Control Signals Information
            8.4.3) Timing Summary
            8.4.4) Timing Details
            8.4.5) Cross Clock Domains Report


=========================================================================
*                      Synthesis Options Summary                        *
=========================================================================
---- Source Parameters
Input File Name                    : "demmy_disp.prj"
Ignore Synthesis Constraint File   : NO

---- Target Parameters
Output File Name                   : "demmy_disp"
Output Format                      : NGC
Target Device                      : xa7a100t-2I-csg324

---- Source Options
Top Module Name                    : demmy_disp
Automatic FSM Extraction           : YES
FSM Encoding Algorithm             : Auto
Safe Implementation                : No
FSM Style                          : LUT
RAM Extraction                     : Yes
RAM Style                          : Auto
ROM Extraction                     : Yes
Shift Register Extraction          : YES
ROM Style                          : Auto
Resource Sharing                   : YES
Asynchronous To Synchronous        : NO
Shift Register Minimum Size        : 2
Use DSP Block                      : Auto
Automatic Register Balancing       : No

---- Target Options
LUT Combining                      : Auto
Reduce Control Sets                : Auto
Add IO Buffers                     : YES
Global Maximum Fanout              : 100000
Add Generic Clock Buffer(BUFG)     : 32
Register Duplication               : YES
Optimize Instantiated Primitives   : NO
Use Clock Enable                   : Auto
Use Synchronous Set                : Auto
Use Synchronous Reset              : Auto
Pack IO Registers into IOBs        : Auto
Equivalent register Removal        : YES

---- General Options
Optimization Goal                  : Speed
Optimization Effort                : 1
Power Reduction                    : NO
Keep Hierarchy                     : No
Netlist Hierarchy                  : As_Optimized
RTL Output                         : Yes
Global Optimization                : AllClockNets
Read Cores                         : YES
Write Timing Constraints           : NO
Cross Clock Analysis               : NO
Hierarchy Separator                : /
Bus Delimiter                      : <>
Case Specifier                     : Maintain
Slice Utilization Ratio            : 100
BRAM Utilization Ratio             : 100
DSP48 Utilization Ratio            : 100
Auto BRAM Packing                  : NO
Slice Utilization Ratio Delta      : 5

=========================================================================


=========================================================================
*                          HDL Parsing                                  *
=========================================================================
Analyzing Verilog file "/home/demmys/Documents/demmy_disp/demmy_disp.v" into library work
Parsing module <demmy_disp>.
ERROR:HDLCompiler:1660 - "/home/demmys/Documents/demmy_disp/demmy_disp.v" Line 93: Procedural assignment to a non-register LCD_E is not permitted, left-hand side should be reg/integer/time/genvar
ERROR:HDLCompiler:1660 - "/home/demmys/Documents/demmy_disp/demmy_disp.v" Line 93: Procedural assignment to a non-register LCD_E is not permitted, left-hand side should be reg/integer/time/genvar
ERROR:HDLCompiler:1660 - "/home/demmys/Documents/demmy_disp/demmy_disp.v" Line 99: Procedural assignment to a non-register LCD_E is not permitted, left-hand side should be reg/integer/time/genvar
ERROR:HDLCompiler:1660 - "/home/demmys/Documents/demmy_disp/demmy_disp.v" Line 99: Procedural assignment to a non-register LCD_E is not permitted, left-hand side should be reg/integer/time/genvar
ERROR:HDLCompiler:1660 - "/home/demmys/Documents/demmy_disp/demmy_disp.v" Line 136: Procedural assignment to a non-register LCD_DB is not permitted, left-hand side should be reg/integer/time/genvar
ERROR:HDLCompiler:1660 - "/home/demmys/Documents/demmy_disp/demmy_disp.v" Line 136: Procedural assignment to a non-register LCD_DB is not permitted, left-hand side should be reg/integer/time/genvar
ERROR:HDLCompiler:1660 - "/home/demmys/Documents/demmy_disp/demmy_disp.v" Line 137: Procedural assignment to a non-register LCD_E is not permitted, left-hand side should be reg/integer/time/genvar
ERROR:HDLCompiler:1660 - "/home/demmys/Documents/demmy_disp/demmy_disp.v" Line 137: Procedural assignment to a non-register LCD_E is not permitted, left-hand side should be reg/integer/time/genvar
ERROR:HDLCompiler:1660 - "/home/demmys/Documents/demmy_disp/demmy_disp.v" Line 138: Procedural assignment to a non-register LCD_RS is not permitted, left-hand side should be reg/integer/time/genvar
ERROR:HDLCompiler:1660 - "/home/demmys/Documents/demmy_disp/demmy_disp.v" Line 138: Procedural assignment to a non-register LCD_RS is not permitted, left-hand side should be reg/integer/time/genvar
ERROR:HDLCompiler:1660 - "/home/demmys/Documents/demmy_disp/demmy_disp.v" Line 139: Procedural assignment to a non-register LCD_RW is not permitted, left-hand side should be reg/integer/time/genvar
ERROR:HDLCompiler:1660 - "/home/demmys/Documents/demmy_disp/demmy_disp.v" Line 139: Procedural assignment to a non-register LCD_RW is not permitted, left-hand side should be reg/integer/time/genvar
ERROR:HDLCompiler:1660 - "/home/demmys/Documents/demmy_disp/demmy_disp.v" Line 143: Procedural assignment to a non-register LCD_DB is not permitted, left-hand side should be reg/integer/time/genvar
ERROR:HDLCompiler:1660 - "/home/demmys/Documents/demmy_disp/demmy_disp.v" Line 143: Procedural assignment to a non-register LCD_DB is not permitted, left-hand side should be reg/integer/time/genvar
ERROR:HDLCompiler:1660 - "/home/demmys/Documents/demmy_disp/demmy_disp.v" Line 147: Procedural assignment to a non-register LCD_DB is not permitted, left-hand side should be reg/integer/time/genvar
ERROR:HDLCompiler:1660 - "/home/demmys/Documents/demmy_disp/demmy_disp.v" Line 147: Procedural assignment to a non-register LCD_DB is not permitted, left-hand side should be reg/integer/time/genvar
ERROR:HDLCompiler:1660 - "/home/demmys/Documents/demmy_disp/demmy_disp.v" Line 151: Procedural assignment to a non-register LCD_DB is not permitted, left-hand side should be reg/integer/time/genvar
ERROR:HDLCompiler:1660 - "/home/demmys/Documents/demmy_disp/demmy_disp.v" Line 151: Procedural assignment to a non-register LCD_DB is not permitted, left-hand side should be reg/integer/time/genvar
ERROR:HDLCompiler:1660 - "/home/demmys/Documents/demmy_disp/demmy_disp.v" Line 156: Procedural assignment to a non-register LCD_DB is not permitted, left-hand side should be reg/integer/time/genvar
Sorry, too many errors..
--> 


Total memory usage is 445180 kilobytes

Number of errors   :   19 (   0 filtered)
Number of warnings :    0 (   0 filtered)
Number of infos    :    0 (   0 filtered)

